-encoding
UTF-8
-outxml
-source
1.6
-target
1.6
-classpath
C:\Users\Kathie\.m2\repository\aopalliance\aopalliance\1.0\aopalliance-1.0.jar;C:\Users\Kathie\.m2\repository\commons-lang\commons-lang\2.6\commons-lang-2.6.jar;C:\Users\Kathie\.m2\repository\commons-logging\commons-logging\1.1.1\commons-logging-1.1.1.jar;C:\Users\Kathie\.m2\repository\javax\inject\javax.inject\1\javax.inject-1.jar;C:\Users\Kathie\.m2\repository\javax\servlet\jstl\1.2\jstl-1.2.jar;C:\Users\Kathie\.m2\repository\javax\servlet\servlet-api\2.5\servlet-api-2.5.jar;C:\Users\Kathie\.m2\repository\javax\servlet\jsp\jsp-api\2.1\jsp-api-2.1.jar;C:\Users\Kathie\.m2\repository\javax\validation\validation-api\1.0.0.GA\validation-api-1.0.0.GA.jar;C:\Users\Kathie\.m2\repository\joda-time\joda-time\1.6.2\joda-time-1.6.2.jar;C:\Users\Kathie\.m2\repository\junit\junit\4.7\junit-4.7.jar;C:\Users\Kathie\.m2\repository\log4j\log4j\1.2.15\log4j-1.2.15.jar;C:\Users\Kathie\.m2\repository\opensymphony\sitemesh\2.4.2\sitemesh-2.4.2.jar;C:\Users\Kathie\.m2\repository\org\aspectj\aspectjrt\1.6.9\aspectjrt-1.6.9.jar;C:\Users\Kathie\.m2\repository\org\aspectj\aspectjweaver\1.6.8\aspectjweaver-1.6.8.jar;C:\Users\Kathie\.m2\repository\org\hibernate\hibernate-validator\4.1.0.Beta1\hibernate-validator-4.1.0.Beta1.jar;C:\Users\Kathie\.m2\repository\org\slf4j\jcl-over-slf4j\1.6.1\jcl-over-slf4j-1.6.1.jar;C:\Users\Kathie\.m2\repository\org\slf4j\slf4j-api\1.6.1\slf4j-api-1.6.1.jar;C:\Users\Kathie\.m2\repository\org\slf4j\slf4j-log4j12\1.6.1\slf4j-log4j12-1.6.1.jar;C:\Users\Kathie\.m2\repository\org\springframework\spring-aop\3.1.1.RELEASE\spring-aop-3.1.1.RELEASE.jar;C:\Users\Kathie\.m2\repository\org\springframework\spring-asm\3.1.1.RELEASE\spring-asm-3.1.1.RELEASE.jar;C:\Users\Kathie\.m2\repository\org\springframework\spring-beans\3.1.1.RELEASE\spring-beans-3.1.1.RELEASE.jar;C:\Users\Kathie\.m2\repository\org\springframework\spring-context\3.1.1.RELEASE\spring-context-3.1.1.RELEASE.jar;C:\Users\Kathie\.m2\repository\org\springframework\spring-context-support\3.1.1.RELEASE\spring-context-support-3.1.1.RELEASE.jar;C:\Users\Kathie\.m2\repository\org\springframework\spring-core\3.1.1.RELEASE\spring-core-3.1.1.RELEASE.jar;C:\Users\Kathie\.m2\repository\org\springframework\spring-expression\3.1.1.RELEASE\spring-expression-3.1.1.RELEASE.jar;C:\Users\Kathie\.m2\repository\org\springframework\spring-jdbc\3.0.3.RELEASE\spring-jdbc-3.0.3.RELEASE.jar;C:\Users\Kathie\.m2\repository\org\springframework\spring-tx\3.0.3.RELEASE\spring-tx-3.0.3.RELEASE.jar;C:\Users\Kathie\.m2\repository\org\springframework\spring-web\3.1.1.RELEASE\spring-web-3.1.1.RELEASE.jar;C:\Users\Kathie\.m2\repository\org\springframework\spring-webmvc\3.1.1.RELEASE\spring-webmvc-3.1.1.RELEASE.jar;C:\Users\Kathie\.m2\repository\org\springframework\security\spring-security-acl\3.0.5.RELEASE\spring-security-acl-3.0.5.RELEASE.jar;C:\Users\Kathie\.m2\repository\org\springframework\security\spring-security-config\3.0.5.RELEASE\spring-security-config-3.0.5.RELEASE.jar;C:\Users\Kathie\.m2\repository\org\springframework\security\spring-security-core\3.0.5.RELEASE\spring-security-core-3.0.5.RELEASE.jar;C:\Users\Kathie\.m2\repository\org\springframework\security\spring-security-taglibs\3.0.5.RELEASE\spring-security-taglibs-3.0.5.RELEASE.jar;C:\Users\Kathie\.m2\repository\org\springframework\security\spring-security-web\3.0.5.RELEASE\spring-security-web-3.0.5.RELEASE.jar;C:\Users\Kathie\.m2\repository\org\springframework\webflow\spring-binding\2.3.1.RELEASE\spring-binding-2.3.1.RELEASE.jar;C:\Users\Kathie\.m2\repository\org\springframework\webflow\spring-js\2.3.1.RELEASE\spring-js-2.3.1.RELEASE.jar;C:\Users\Kathie\.m2\repository\org\springframework\webflow\spring-js-resources\2.3.1.RELEASE\spring-js-resources-2.3.1.RELEASE.jar;C:\Users\Kathie\.m2\repository\org\springframework\webflow\spring-webflow\2.3.1.RELEASE\spring-webflow-2.3.1.RELEASE.jar;C:\Users\Kathie\Documents\workspace-spring-nov2013\kathie-wf\target\classes
-d
C:\Users\Kathie\Documents\workspace-spring-nov2013\kathie-wf\target\classes
C:\Users\Kathie\Documents\workspace-spring-nov2013\kathie-wf\src\main\java\khn\library\webflow\action\GetHolidaysAction.java
C:\Users\Kathie\Documents\workspace-spring-nov2013\kathie-wf\src\main\java\khn\library\service\BookService.java
C:\Users\Kathie\Documents\workspace-spring-nov2013\kathie-wf\src\main\java\khn\library\service\LibraryServiceImpl.java
C:\Users\Kathie\Documents\workspace-spring-nov2013\kathie-wf\src\main\java\khn\library\beans\CustomPropertyEditorRegistrar.java
C:\Users\Kathie\Documents\workspace-spring-nov2013\kathie-wf\src\main\java\khn\library\service\LibraryService.java
C:\Users\Kathie\Documents\workspace-spring-nov2013\kathie-wf\src\main\java\khn\library\service\BookServiceImpl.java
C:\Users\Kathie\Documents\workspace-spring-nov2013\kathie-wf\src\main\java\khn\library\domain\BookCriteria.java
C:\Users\Kathie\Documents\workspace-spring-nov2013\kathie-wf\src\main\java\khn\library\domain\Book.java
C:\Users\Kathie\Documents\workspace-spring-nov2013\kathie-wf\src\main\java\khn\library\mvc\controllerTest.java
